<?xml version="1.0" encoding="UTF-8"?>
<!-- Generated by org.testng.reporters.JUnitReportReporter -->
<testsuite skipped="0" hostname="dell" name="TestNGDemo.Driver" tests="2" failures="0" timestamp="2020-02-11T15:19:55 IST" time="0.016" errors="0">
  <testcase name="driverInfo" time="0.011" classname="TestNGDemo.Driver"/>
  <testcase name="Launch" time="0.005" classname="TestNGDemo.Driver"/>
</testsuite> <!-- TestNGDemo.Driver -->
